Invalid transaction: ReMove cula, 4
Invalid transaction: return ankenstein
Invalid transaction: ReMove cula, 4
Invalid transaction: return ankenstein
Invalid transaction: rEmoVe Dracula, 10
Invalid transaction: rEmove Forest Gump, 49
Invalid transaction: ReMove cula, 4
Invalid transaction: return ankenstein
Invalid transaction: rent Happy Gilmore
Invalid transaction: remove MacBeth, 50
Invalid transaction: ReMove cula, 4
Invalid transaction: return ankenstein
Invalid transaction: rent Happy Gilmore
Invalid transaction: rEmoVe Dracula, 10
Invalid transaction: rEmove Forest Gump, 49
Invalid transaction: ReMove cula, 4
Invalid transaction: return ankenstein
Invalid transaction: rent Happy Gilmore
Invalid transaction: rEmoVe Dracula, 10
Invalid transaction: rEmove Forest Gump, 49
Invalid transaction: remove MacBeth, 50
Invalid transaction: ReMove cula, 4
Invalid transaction: return ankenstein
Invalid transaction: rent Happy Gilmore
Invalid transaction: rEmoVe Dracula, 10
Invalid transaction: rEmove Forest Gump, 49
Invalid transaction: remove MacBeth, 50
Invalid transaction: ReMove cula, 4
Invalid transaction: return ankenstein
Invalid transaction: rent Happy Gilmore
